<?xml version="1.0" encoding="UTF-8"?>
<!-- Generated by org.testng.reporters.JUnitReportReporter -->
<testsuite skipped="0" hostname="LAPTOP-AVT55FKT" name="resources.baseTest" tests="1" failures="0" timestamp="12 Oct 2021 03:57:55 GMT" time="0.000" errors="0">
  <testcase name="setup" time="0.000" classname="resources.baseTest"/>
</testsuite> <!-- resources.baseTest -->
