<?xml version="1.0" encoding="UTF-8"?>
<!-- Generated by org.testng.reporters.JUnitReportReporter -->
<testsuite skipped="1" hostname="LAPTOP-AVT55FKT" name="resources.signupTest" tests="1" failures="0" timestamp="10 Oct 2021 04:50:26 GMT" time="0.000" errors="0">
  <testcase name="home_login" time="0.000" classname="resources.signupTest">
    <skipped/>
  </testcase> <!-- home_login -->
</testsuite> <!-- resources.signupTest -->
